<?xml version="1.0" encoding="UTF-8"?>
<!-- Generated by org.testng.reporters.JUnitXMLReporter -->
<testsuite ignored="4" hostname="Marinos-MacBook-Pro.local" failures="0" tests="3" name="Smoke test case" time="24.787" errors="0" timestamp="2025-10-21T02:46:57 IST">
  <testcase classname="tc_execution.tc1_login_leave" name="login_leave_menu" time="7.938"/>
  <testcase classname="tc_execution.tc2_apply_leave" name="apply_leaves" time="1.573"/>
  <testcase classname="tc_execution.tc3_assign_leave" name="assign_leave" time="15.256"/>
  <testcase classname="tc_execution.base_setup" name="@AfterSuite tearDownSuite" time="0.0">
    <ignored/>
  </testcase> <!-- @AfterSuite tearDownSuite -->
  <testcase classname="tc_execution.base_setup" name="@BeforeSuite setUpSuite" time="0.0">
    <ignored/>
  </testcase> <!-- @BeforeSuite setUpSuite -->
  <testcase classname="tc_execution.base_setup" name="@BeforeSuite setUpSuite" time="0.0">
    <ignored/>
  </testcase> <!-- @BeforeSuite setUpSuite -->
  <testcase classname="tc_execution.base_setup" name="@AfterSuite tearDownSuite" time="0.0">
    <ignored/>
  </testcase> <!-- @AfterSuite tearDownSuite -->
</testsuite> <!-- Smoke test case -->
