<?xml version="1.0" encoding="UTF-8"?>
<!-- Generated by org.testng.reporters.JUnitXMLReporter -->
<testsuite ignored="2" hostname="Marinos-MacBook-Pro.local" failures="2" tests="3" name="Smoke test cases" time="8.417" errors="0" timestamp="2025-10-20T21:56:09 IST">
  <testcase classname="resources.tc1_login_leave" name="tc_execute" time="8.39"/>
  <testcase classname="resources.tc1_login_leave" name="tc_execute" time="0.002">
    <failure type="java.lang.NullPointerException" message="Cannot invoke &amp;quot;org.openqa.selenium.WebDriver.getTitle()&amp;quot; because &amp;quot;this.driver&amp;quot; is null">
      <![CDATA[java.lang.NullPointerException: Cannot invoke "org.openqa.selenium.WebDriver.getTitle()" because "this.driver" is null
at resources.tc1_keywords.orangehrm_lauch(tc1_keywords.java:26)
at resources.tc1_login_leave.tc_execute(tc1_login_leave.java:17)
at java.base/java.util.ArrayList.forEach(ArrayList.java:1596)
... Removed 25 stack frames]]>
    </failure>
  </testcase> <!-- tc_execute -->
  <testcase classname="resources.tc2_apply_leave" name="tc2_exececute" time="0.001">
    <failure type="java.lang.NullPointerException" message="Cannot invoke &amp;quot;org.openqa.selenium.WebDriver.manage()&amp;quot; because &amp;quot;this.driver&amp;quot; is null">
      <![CDATA[java.lang.NullPointerException: Cannot invoke "org.openqa.selenium.WebDriver.manage()" because "this.driver" is null
at resources.tc2_apply_leave.tc2_exececute(tc2_apply_leave.java:16)
at java.base/java.util.ArrayList.forEach(ArrayList.java:1596)
... Removed 25 stack frames]]>
    </failure>
  </testcase> <!-- tc2_exececute -->
  <testcase classname="resources.base_setup" name="@BeforeSuite setUpSuite" time="0.0">
    <ignored/>
  </testcase> <!-- @BeforeSuite setUpSuite -->
  <testcase classname="resources.base_setup" name="@AfterSuite tearDownSuite" time="0.0">
    <ignored/>
  </testcase> <!-- @AfterSuite tearDownSuite -->
</testsuite> <!-- Smoke test cases -->
