<?xml version="1.0" encoding="UTF-8"?>
<!-- Generated by org.testng.reporters.JUnitXMLReporter -->
<testsuite ignored="2" hostname="Marinos-MacBook-Pro.local" failures="0" tests="2" name="tc1" time="10.283" errors="0" timestamp="2025-10-20T22:27:58 IST">
  <testcase classname="tc_execution.tc1_login_leave" name="tc_execute" time="8.953"/>
  <testcase classname="tc_execution.tc2_apply_leave" name="tc2_exececute" time="1.314"/>
  <testcase classname="tc_execution.base_setup" name="@BeforeSuite setUpSuite" time="0.0">
    <ignored/>
  </testcase> <!-- @BeforeSuite setUpSuite -->
  <testcase classname="tc_execution.base_setup" name="@AfterSuite tearDownSuite" time="0.0">
    <ignored/>
  </testcase> <!-- @AfterSuite tearDownSuite -->
</testsuite> <!-- tc1 -->
