<?xml version="1.0" encoding="UTF-8"?>
<testng-results ignored="0" total="2" passed="2" failed="0" skipped="0">
  <reporter-output>
  </reporter-output>
  <suite started-at="2025-10-20T22:27:48 IST" name="Smoke Suite" finished-at="2025-10-20T22:27:58 IST" duration-ms="10283">
    <groups>
    </groups>
    <test started-at="2025-10-20T22:27:48 IST" name="tc1" finished-at="2025-10-20T22:27:58 IST" duration-ms="10283">
      <class name="tc_execution.tc2_apply_leave">
        <test-method signature="tc2_exececute()[pri:0, instance:tc_execution.tc2_apply_leave@399c4be1]" started-at="2025-10-20T22:27:57 IST" name="tc2_exececute" finished-at="2025-10-20T22:27:58 IST" duration-ms="1314" status="PASS">
          <reporter-output>
          </reporter-output>
        </test-method> <!-- tc2_exececute -->
      </class> <!-- tc_execution.tc2_apply_leave -->
      <class name="tc_execution.tc1_login_leave">
        <test-method is-config="true" signature="setUpSuite()[pri:0, instance:tc_execution.tc1_login_leave@33c911a1]" started-at="2025-10-20T22:27:42 IST" name="setUpSuite" finished-at="2025-10-20T22:27:48 IST" duration-ms="5938" status="PASS">
          <reporter-output>
          </reporter-output>
        </test-method> <!-- setUpSuite -->
        <test-method signature="tc_execute()[pri:0, instance:tc_execution.tc1_login_leave@33c911a1]" started-at="2025-10-20T22:27:48 IST" name="tc_execute" finished-at="2025-10-20T22:27:57 IST" duration-ms="8953" status="PASS">
          <reporter-output>
          </reporter-output>
        </test-method> <!-- tc_execute -->
        <test-method is-config="true" signature="tearDownSuite()[pri:0, instance:tc_execution.tc1_login_leave@33c911a1]" started-at="2025-10-20T22:27:58 IST" name="tearDownSuite" finished-at="2025-10-20T22:27:58 IST" duration-ms="94" status="PASS">
          <reporter-output>
          </reporter-output>
        </test-method> <!-- tearDownSuite -->
      </class> <!-- tc_execution.tc1_login_leave -->
    </test> <!-- tc1 -->
  </suite> <!-- Smoke Suite -->
</testng-results>
