<?xml version="1.0" encoding="UTF-8"?>
<testng-results ignored="0" total="3" passed="3" failed="0" skipped="0">
  <reporter-output>
  </reporter-output>
  <suite started-at="2025-10-21T02:46:32 IST" name="Smoke Suite" finished-at="2025-10-21T02:46:57 IST" duration-ms="24787">
    <groups>
    </groups>
    <test started-at="2025-10-21T02:46:32 IST" name="Smoke test case" finished-at="2025-10-21T02:46:57 IST" duration-ms="24787">
      <class name="tc_execution.tc3_assign_leave">
        <test-method signature="assign_leave()[pri:0, instance:tc_execution.tc3_assign_leave@385e9564]" started-at="2025-10-21T02:46:42 IST" name="assign_leave" finished-at="2025-10-21T02:46:57 IST" duration-ms="15256" status="PASS">
          <reporter-output>
          </reporter-output>
        </test-method> <!-- assign_leave -->
      </class> <!-- tc_execution.tc3_assign_leave -->
      <class name="tc_execution.tc2_apply_leave">
        <test-method signature="apply_leaves()[pri:0, instance:tc_execution.tc2_apply_leave@291caca8]" started-at="2025-10-21T02:46:40 IST" name="apply_leaves" finished-at="2025-10-21T02:46:42 IST" duration-ms="1573" status="PASS">
          <reporter-output>
          </reporter-output>
        </test-method> <!-- apply_leaves -->
      </class> <!-- tc_execution.tc2_apply_leave -->
      <class name="tc_execution.tc1_login_leave">
        <test-method is-config="true" signature="setUpSuite()[pri:0, instance:tc_execution.tc1_login_leave@75db5df9]" started-at="2025-10-21T02:46:27 IST" name="setUpSuite" finished-at="2025-10-21T02:46:32 IST" duration-ms="5622" status="PASS">
          <reporter-output>
          </reporter-output>
        </test-method> <!-- setUpSuite -->
        <test-method signature="login_leave_menu()[pri:0, instance:tc_execution.tc1_login_leave@75db5df9]" started-at="2025-10-21T02:46:32 IST" name="login_leave_menu" finished-at="2025-10-21T02:46:40 IST" duration-ms="7938" status="PASS">
          <reporter-output>
          </reporter-output>
        </test-method> <!-- login_leave_menu -->
        <test-method is-config="true" signature="tearDownSuite()[pri:0, instance:tc_execution.tc1_login_leave@75db5df9]" started-at="2025-10-21T02:46:57 IST" name="tearDownSuite" finished-at="2025-10-21T02:46:57 IST" duration-ms="89" status="PASS">
          <reporter-output>
          </reporter-output>
        </test-method> <!-- tearDownSuite -->
      </class> <!-- tc_execution.tc1_login_leave -->
    </test> <!-- Smoke test case -->
  </suite> <!-- Smoke Suite -->
</testng-results>
